make all --print-data-base --no-builtin-variables --no-builtin-rules --question
# GNU Make 4.3
# Built for x86_64-pc-linux-gnu
# Copyright (C) 1988-2020 Free Software Foundation, Inc.
# License GPLv3+: GNU GPL version 3 or later <http://gnu.org/licenses/gpl.html>
# This is free software: you are free to change and redistribute it.
# There is NO WARRANTY, to the extent permitted by law.

# Make data base, printed on Wed Jul  6 16:34:10 2022

# Variables

# environment
GDK_BACKEND = x11
# environment
 
LC_ALL = C
# environment
GTK_RC_FILES = /etc/gtk/gtkrc:/home/janick/.gtkrc:/home/janick/.config/gtkrc
# environment
VSCODE_IPC_HOOK_EXTHOST = /run/user/1000/vscode-ipc-3df54c29-ca2f-4d8c-917f-132fd6f9fe9f.sock
# environment
MANDATORY_PATH = /usr/share/gconf/plasma.mandatory.path
# environment
VSCODE_CWD = /home/janick
# default
MAKE_COMMAND := make
# environment
QT_ACCESSIBILITY = 1
# automatic
@D = $(patsubst %/,%,$(dir $@))
# environment
VSCODE_HANDLES_UNCAUGHT_ERRORS = true
# default
.VARIABLES := 
# environment
PWD = /home/janick/Development/MicroOS
# automatic
%D = $(patsubst %/,%,$(dir $%))
# environment
XDG_DATA_DIRS = /usr/share/plasma:/usr/local/share:/usr/share:/var/lib/snapd/desktop
# automatic
^D = $(patsubst %/,%,$(dir $^))
# environment
VSCODE_LOG_STACK = false
# automatic
%F = $(notdir $%)
# environment
VSCODE_CODE_CACHE_PATH = /home/janick/.config/Code/CachedData/c3511e6c69bb39013c4a4b7b9566ec1ca73fc4d5
# environment
XDG_SESSION_PATH = /org/freedesktop/DisplayManager/Session3
# environment
LANG = C
# environment
XAUTHORITY = /home/janick/.Xauthority
# default
.LOADED := 
# default
.INCLUDE_DIRS = /usr/local/include /usr/include /usr/include
# makefile
MAKEFLAGS = pqrR
# makefile
CURDIR := /home/janick/Development/MicroOS
# environment
VSCODE_PIPE_LOGGING = true
# environment
APPLICATION_INSIGHTS_NO_DIAGNOSTIC_CHANNEL = 1
# automatic
*D = $(patsubst %/,%,$(dir $*))
# environment
PAM_KWALLET5_LOGIN = /run/user/1000/kwallet5.socket
# environment
MFLAGS = -pqrR
# environment
SSH_AUTH_SOCK = /tmp/ssh-XXXXXXnNkIC2/agent.2311
# default
.SHELLFLAGS := -c
# environment
XDG_CONFIG_DIRS = /home/janick/.config/kdedefaults:/etc/xdg/xdg-plasma:/etc/xdg:/usr/share/kubuntu-default-settings/kf5-settings
# automatic
+D = $(patsubst %/,%,$(dir $+))
# environment
XCURSOR_THEME = KDE_Classic
# environment
XDG_SESSION_DESKTOP = KDE
# makefile (from 'Makefile', line 1)
MAKEFILE_LIST := Makefile
# automatic
@F = $(notdir $@)
# environment
VSCODE_VERBOSE_LOGGING = true
# environment
VSCODE_PID = 2802
# environment
XDG_SESSION_TYPE = x11
# automatic
?D = $(patsubst %/,%,$(dir $?))
# environment
SESSION_MANAGER = local/nya:@/tmp/.ICE-unix/2607,unix/nya:/tmp/.ICE-unix/2607
# automatic
*F = $(notdir $*)
# environment
CHROME_DESKTOP = code-url-handler.desktop
# environment
DBUS_SESSION_BUS_ADDRESS = unix:path=/run/user/1000/bus
# automatic
<D = $(patsubst %/,%,$(dir $<))
# environment
VSCODE_NLS_CONFIG = {"locale":"furry","availableLanguages":{"*":"furry"},"_languagePackId":"6aace7082e0472b432759462767d1ba2.furry","_translationsConfigFile":"/home/janick/.config/Code/clp/6aace7082e0472b432759462767d1ba2.furry/tcf.json","_cacheRoot":"/home/janick/.config/Code/clp/6aace7082e0472b432759462767d1ba2.furry","_resolvedLanguagePackCoreLocation":"/home/janick/.config/Code/clp/6aace7082e0472b432759462767d1ba2.furry/c3511e6c69bb39013c4a4b7b9566ec1ca73fc4d5","_corruptedFile":"/home/janick/.config/Code/clp/6aace7082e0472b432759462767d1ba2.furry/corrupted.info","_languagePackSupport":true}
# default
MAKE_HOST := x86_64-pc-linux-gnu
# makefile
SHELL = /bin/sh
# default
MAKECMDGOALS := all
# environment
PLATFORMIO_CALLER = vscode
# environment
DENO_INSTALL = /home/janick/.deno
# environment
SHLVL = 1
# makefile (from 'Makefile', line 6)
KEYMAP = de
# environment
MAKELEVEL := 0
# default
MAKE = $(MAKE_COMMAND)
# environment
PATH = /home/janick/.deno/bin:/home/janick/.deno/bin:/usr/local/sbin:/usr/local/bin:/usr/sbin:/usr/bin:/sbin:/bin:/usr/games:/usr/local/games:/snap/bin
# default
MAKEFILES := 
# environment
LANGUAGE = 
# automatic
^F = $(notdir $^)
# environment
VSCODE_LOG_NATIVE = false
# automatic
?F = $(notdir $?)
# environment
KDE_APPLICATIONS_AS_SCOPE = 1
# environment
XDG_SEAT = seat0
# environment
NO_PROXY = 127.0.0.1
# environment
XDG_CURRENT_DESKTOP = KDE
# automatic
+F = $(notdir $+)
# environment
XDG_SEAT_PATH = /org/freedesktop/DisplayManager/Seat0
# environment
DESKTOP_SESSION = plasma
# environment
ORIGINAL_XDG_CURRENT_DESKTOP = KDE
# 'override' directive
GNUMAKEFLAGS := 
# environment
LOGNAME = janick
# environment
PLATFORMIO_PATH = /home/janick/.platformio/penv/bin:/home/janick/.platformio/penv:/home/janick/.platformio/python3/bin:/home/janick/.deno/bin:/home/janick/.deno/bin:/usr/local/sbin:/usr/local/bin:/usr/sbin:/usr/bin:/sbin:/bin:/usr/games:/usr/local/games:/snap/bin
# environment
XDG_VTNR = 1
# makefile
.DEFAULT_GOAL := all
# environment
SYSTEMD_EXEC_PID = 870
# environment
DISPLAY = :0
# environment
USER = janick
# environment
DEFAULTS_PATH = /usr/share/gconf/plasma.default.path
# environment
KDE_SESSION_UID = 1000
# default
MAKE_VERSION := 4.3
# environment
SSH_AGENT_PID = 2451
# environment
XDG_RUNTIME_DIR = /run/user/1000
# environment
GPG_AGENT_INFO = /run/user/1000/gnupg/S.gpg-agent:0:1
# environment
XDG_SESSION_CLASS = user
# environment
VSCODE_AMD_ENTRYPOINT = vs/workbench/api/node/extensionHostProcess
# environment
PLATFORMIO_IDE = 2.5.0
# environment
GTK2_RC_FILES = /etc/gtk-2.0/gtkrc:/home/janick/.gtkrc-2.0:/home/janick/.config/gtkrc-2.0
# environment
HOME = /home/janick
# environment
ELECTRON_RUN_AS_NODE = 1
# environment
VSCODE_IPC_HOOK = /run/user/1000/vscode-c8697ad9-1.67.2-main.sock
# environment
XDG_SESSION_ID = 7
# environment
XCURSOR_SIZE = 24
# environment
IM_CONFIG_PHASE = 1
# default
.RECIPEPREFIX := 
# automatic
<F = $(notdir $<)
# default
SUFFIXES := 
# environment
QT_AUTO_SCREEN_SCALE_FACTOR = 0
# environment
DEBUG = WARN
# environment
KDE_SESSION_VERSION = 5
# default
.FEATURES := target-specific order-only second-expansion else-if shortest-stem undefine oneshell nocomment grouped-target extra-prereqs archives jobserver output-sync check-symlink load
# environment
KDE_FULL_SESSION = true
# variable set hash-table stats:
# Load=103/1024=10%, Rehash=0, Collisions=5/136=4%

# Pattern-specific Variable Values

# No pattern-specific variable values.

# Directories

# . (device 2050, inode 6291871): 13 files, no impossibilities.

# 13 files, no impossibilities in 1 directories.

# Implicit Rules

# No implicit rules.

# Files

iso: all initrd
#  Implicit rule search has not been done.
#  Modification time never checked.
#  File has not been updated.
#  recipe to execute (from 'Makefile', line 15):
	cp krnl/krnl.elf cdrom/.
	cp res/initrd.saf cdrom/.
	cp LICENSE cdrom/.
	mkisofs -R -b boot/grub/stage2_eltorito -no-emul-boot -boot-load-size 4 -boot-info-table -o cdrom.iso cdrom/

run_dbg: iso
#  Implicit rule search has not been done.
#  Modification time never checked.
#  File has not been updated.
#  recipe to execute (from 'Makefile', line 34):
	qemu-system-i386 -cdrom cdrom.iso -boot d -serial stdio --no-reboot --no-shutdown -s -S

debug:
#  Implicit rule search has not been done.
#  Modification time never checked.
#  File has not been updated.
#  recipe to execute (from 'Makefile', line 37):
	gdb -ex "target remote localhost:1234" -ex "b init" -ex "continue" krnl/krnl.elf

# Not a target:
Makefile:
#  Implicit rule search has been done.
#  Last modified 2022-07-06 16:33:41.242313778
#  File has been updated.
#  Successfully updated.

clean: iso
#  Implicit rule search has not been done.
#  Modification time never checked.
#  File has not been updated.
#  recipe to execute (from 'Makefile', line 40):
	make -C krnl clean
	make -C user clean

# Not a target:
.DEFAULT:
#  Implicit rule search has not been done.
#  Modification time never checked.
#  File has not been updated.

all:
#  Command line target.
#  Implicit rule search has not been done.
#  Implicit/static pattern stem: ''
#  File does not exist.
#  File has been updated.
#  Needs to be updated (-q is set).
# automatic
# @ := all
# automatic
# * := 
# automatic
# < := 
# automatic
# + := 
# automatic
# % := 
# automatic
# ^ := 
# automatic
# ? := 
# automatic
# | := 
# variable set hash-table stats:
# Load=8/32=25%, Rehash=0, Collisions=1/11=9%
#  recipe to execute (from 'Makefile', line 2):
	make -C krnl
	make -C user
	make -C user install

run: iso
#  Implicit rule search has not been done.
 
#  Modification time never checked.
#  File has not been updated.
#  recipe to execute (from 'Makefile', line 21):
	qemu-system-i386 -cdrom cdrom.iso -boot d -serial stdio --no-reboot --no-shutdown

res:
#  Implicit rule search has not been done.
#  Modification time never checked.
#  File has not been updated.
#  recipe to execute (from 'Makefile', line 24):
	mkdir res
	git clone https://github.com/chocabloc/saf.git --depth=1 ./res/saf
	make -C res/saf
	wget https://github.com/TheUltimateFoxOS/FoxOS/raw/main/disk_resources/resources/de.fmp -O res/de.fmp
	wget https://github.com/TheUltimateFoxOS/FoxOS/raw/main/disk_resources/resources/us.fmp -O res/us.fmp
	wget https://github.com/TheUltimateFoxOS/FoxOS/raw/main/disk_resources/resources/fr.fmp -O res/fr.fmp

# Not a target:
.SUFFIXES:
#  Implicit rule search has not been done.
#  Modification time never checked.
#  File has not been updated.

initrd:
#  Implicit rule search has not been done.
#  Modification time never checked.
#  File has not been updated.
#  recipe to execute (from 'Makefile', line 9):
	mkdir -p ./res/initrd/bin
	cp -r ./user/*.elf ./res/initrd/bin/ -v
	cp ./res/$(KEYMAP).fmp ./res/initrd/keymap.fmp -v
	./res/saf/saf-make ./res/initrd ./res/initrd.saf

# files hash-table stats:
# Load=11/1024=1%, Rehash=0, Collisions=0/28=0%
# VPATH Search Paths

# No 'vpath' search paths.

# No general ('VPATH' variable) search path.

# strcache buffers: 1 (0) / strings = 24 / storage = 177 B / avg = 7 B
# current buf: size = 8162 B / used = 177 B / count = 24 / avg = 7 B

# strcache performance: lookups = 44 / hit rate = 45%
# hash-table stats:
# Load=24/8192=0%, Rehash=0, Collisions=0/44=0%
# Finished Make data base on Wed Jul  6 16:34:10 2022

 
